1633453232146	geckodriver	INFO	Listening on 127.0.0.1:50139
1633453235185	mozrunner::runner	INFO	Running command: "C:\\Program Files\\Mozilla Firefox\\firefox.exe" "--marionette" "-no-remote" "-profile" "C:\\Users\\mauri\\AppData\\Local\\Temp\\rust_mozprofiletaA3NT"
1633453235839	Marionette	INFO	Marionette enabled
console.warn: SearchSettings: "get: No settings file exists, new profile?" (new NotFoundError("Could not open the file at C:\\Users\\mauri\\AppData\\Local\\Temp\\rust_mozprofiletaA3NT\\search.json.mozlz4", (void 0)))
1633453239306	Marionette	INFO	Listening on port 50148
1633453239508	RemoteAgent	WARN	TLS certificate errors will be ignored for this session
1633453382089	Marionette	INFO	Stopped listening on port 50148
JavaScript error: resource:///modules/Interactions.jsm, line 201: NS_ERROR_FAILURE: Component returned failure code: 0x80004005 (NS_ERROR_FAILURE) [nsIUserIdleService.removeIdleObserver]
console.warn: TopSitesFeed: Failed to fetch data from Contile server: NetworkError when attempting to fetch resource.

###!!! [Parent][RunMessage] Error: Channel closing: too late to send/recv, messages will be lost

\Temp\\rust_mozprofileSMaA4v\\search.json.mozlz4", (void 0)))
1633453323945	Marionette	INFO	Listening on port 49926
1633453324323	RemoteAgent	WARN	TLS certificate errors will be ignored for this session
1633453382587	Marionette	INFO	Stopped listening on port 49921633453382910	mozrunner::runner	INFO	Running command: "C:\\Program Files\\Mozilla Firefox\\firefox.exe" "--marionette" "-no-remote" "-profile" "C:\\Users\\mauri\\AppData\\Local\\Temp\\rust_mozprofileEnWyfc"
1633453383435	Marionette	INFO	Marionette enabled
console.warn: SearchSettings: "get: No settings file exists, new profile?" (new NotFoundError("Could not open the file at C:\\Users\\mauri\\AppData\\Local\\Temp\\rust_mozprofileEnWyfc\\search.json.mozlz4", (void 0)))
1633453386760	Marionette	INFO	Listening on port 63026
1633453387125	RemoteAgent	WARN	TLS certificate errors will be ignored for this session
1633453439913	Marionette	INFO	Stopped listening on port 63026
JavaScript error: resource:///modules/Interactions.jsm, line 201: NS_ERROR_FAILURE: Component returned failure code: 0x80004005 (NS_ERROR_FAILURE) [nsIUserIdleService.removeIdleObserver]
console.warn: TopSitesFeed: Failed to fetch data from Contile server: NetworkError when attempting to fetch resource.

###!!! [Parent][RunMessage] Error: Channel closing: too late to send/recv, messages will be lost

JavaScript error: resource://gre/modules/CrashManager.jsm, line 829: AbortError: IOUtils: Shutting down and refusing additional I/O tasks
1633453443220	geckodriver	INFO	Listening on 127.0.0.1:51983
1633453446266	mozrunner::runner	INFO	Running command: "C:\\Program Files\\Mozilla Firefox\\firefox.exe" "--marionette" "-no-remote" "-profile" "C:\\Users\\mauri\\AppData\\Local\\Temp\\rust_mozprofilezsWbLu"
1633453446884	Marionette	INFO	Marionette enabled
console.warn: SearchSettings: "get: No settings file exists, new profile?" (new NotFoundError("Could not open the file at C:\\Users\\mauri\\AppData\\Local\\Temp\\rust_mozprofilezsWbLu\\search.json.mozlz4", (void 0)))
1633453450183	Marionette	INFO	Listening on port 51992
1633453450490	RemoteAgent	WARN	TLS certificate errors will be ignored for this session
console.log: WebExtensions: reset-default-search: starting.
console.log: WebExtensions: reset-default-search: No addons in our list are installed.
JavaScript error: resource://devtools/server/actors/network-monitor/network-event-actor.js, line 109: Error: Got a request https://stackpath.bootstrapcdn.com/font-awesome/4.7.0/css/font-awesome.min.css without a browsingContextID set
JavaScript error: , line 0: NS_ERROR_NOT_AVAILABLE
JavaScript error: resource://devtools/server/actors/network-monitor/network-event-actor.js, line 109: Error: Got a request https://stackpath.bootstrapcdn.com/font-awesome/4.7.0/css/font-awesome.min.css without a browsingContextID set
console.warn: ({})
1633454655287	Marionette	INFO	Stopped listening on port 51992
JavaScript error: resource:///modules/Interactions.jsm, line 201: NS_ERROR_FAILURE: Component returned failure code: 0x80004005 (NS_ERROR_FAILURE) [nsIUserIdleService.removeIdleObserver]
console.warn: TopSitesFeed: Failed to fetch data from Contile server: NetworkError when attempting to fetch resource.
exists, new profile?" (new NotFoundError("Could not open the file at C:\\Users\\mauri\\AppData\\Local\\Temp\\rust_mozprofileWw9TlC\\search.json.mozlz4", (void 0)))
1633454495796	Marionette	INFO	Listening on port 62840
1633454495900	RemoteAgent	WARN	TLS certificate errors will be ignored for this session
1633454656777	Marionette	INFO	Stopped listening on port 62840
JavaScript error: resource:///modules/Interactions.jsm, line 201: NS_ERROR_FAILURE: Component returned failure code: 0x80004005 (NS_ERROR_FAILURE) [nsIUserIdleService.removeIdleObserver]
console.warn: TopSitesFeed: Failed to fetch data from Contile server: NetworkError when attempting to fetch resource.
exists, new profile?" (new NotFoundError("Could not open the file at C:\\Users\\mauri\\AppData\\Local\\Temp\\rust_mozprofileMBuWOI\\search.json.mozlz4", (void 0)))
1633454657297	Marionette	INFO	Listening on port 59355
1633454657671	RemoteAgent	WARN	TLS certificate errors will be ignored for this session
1633454759334	Marionette	INFO	Stopped listening on port 59355
JavaScript error: resource:///modules/Interactions.jsm, line 201: NS_ERROR_FAILURE: Component returned failure code: 0x80004005 (NS_ERROR_FAILURE) [nsIUserIdleService.removeIdleObserver]
console.warn: TopSitesFeed: Failed to fetch data from Contile server: NetworkError when attempting to fetch resource.

###!!! [Parent][RunMessage] Error: Channel closing: too late to send/recv, messages will be lost

1633455280608	geckodriver	INFO	Listening on 127.0.0.1:51236
1633455283644	mozrunner::runner	INFO	Running command: "C:\\Program Files\\Mozilla Firefox\\firefox.exe" "--marionette" "-no-remote" "-profile" "C:\\Users\\mauri\\AppData\\Local\\Temp\\rust_mozprofilerlLOVO"
1633455284310	Marionette	INFO	Marionette enabled
console.warn: SearchSettings: "get: No settings file exists, new profile?" (new NotFoundError("Could not open the file at C:\\Users\\mauri\\AppData\\Local\\Temp\\rust_mozprofilerlLOVO\\search.json.mozlz4", (void 0)))
1633455287736	Marionette	INFO	Listening on port 51909
1633455287847	RemoteAgent	WARN	TLS certificate errors will be ignored for this session
console.log: WebExtensions: reset-default-search: starting.
console.log: WebExtensions: reset-default-search: No addons in our list are installed.
1633455950647	Marionette	INFO	Stopped listening on port 51909
JavaScript error: resource:///modules/Interactions.jsm, line 201: NS_ERROR_FAILURE: Component returned failure code: 0x80004005 (NS_ERROR_FAILURE) [nsIUserIdleService.removeIdleObserver]
console.warn: TopSitesFeed: Failed to fetch data from Contile server: NetworkError when attempting to fetch resource.
1633457064983	geckodriver	INFO	Listening on 127.0.0.1:64116
1633457068018	mozrunner::runner	INFO	Running command: "C:\\Program Files\\Mozilla Firefox\\firefox.exe" "--marionette" "-no-remote" "-profile" "C:\\Users\\mauri\\AppData\\Local\\Temp\\rust_mozprofile2OfBog"
1633457069053	Marionette	INFO	Marionette enabled
console.warn: SearchSettings: "get: No settings file exists, new profile?" (new NotFoundError("Could not open the file at C:\\Users\\mauri\\AppData\\Local\\Temp\\rust_mozprofile2OfBog\\search.json.mozlz4", (void 0)))
1633457072698	Marionette	INFO	Listening on port 64126
1633457072865	RemoteAgent	WARN	TLS certificate errors will be ignored for this session
1633457145869	Marionette	INFO	Stopped listening on port 64121633457147899	mozrunner::runner	INFO	Running command: "C:\\Program Files\\Mozilla Firefox\\firefox.exe" "--marionette" "-no-remote" "-profile" "C:\\Users\\mauri\\AppData\\Local\\Temp\\rust_mozprofilec88DDi"
1633457148522	Marionette	INFO	Marionette enabled
console.warn: SearchSettings: "get: No settings file exists, new profile?" (new NotFoundError("Could not open the file at C:\\Users\\mauri\\AppData\\Local\\Temp\\rust_mozprofilec88DDi\\search.json.mozlz4", (void 0)))
1633457151650	Marionette	INFO	Listening on port 54863
1633457152129	RemoteAgent	WARN	TLS certificate errors will be ignored for this session
console.log: WebExtensions: reset-default-search: starting.
console.log: WebExtensions: reset-default-search: No addons in our list are installed.
JavaScript error: , line 0: NS_ERROR_NOT_AVAILABLE
1633459444205	Marionette	INFO	Stopped listening on port 54863
JavaScript error: resource:///modules/Interactions.jsm, line 201: NS_ERROR_FAILURE: Component returned failure code: 0x80004005 (NS_ERROR_FAILURE) [nsIUserIdleService.removeIdleObserver]
console.warn: TopSitesFeed: Failed to fetch data from Contile server: NetworkError when attempting to fetch resource.

###!!! [Parent][RunMessage] Error: Channel closing: too late to send/recv, messages will be lost

ion
console.log: WebExtensions: reset-default-search: starting.
console.log: WebExtensions: reset-default-search: No addons in our list are installed.
JavaScript error: , line 0: NS_ERROR_NOT_AVAILABLE
JavaScript error: , line 0: SyntaxError: JSON.parse: unexpected end of data at line 1 column 1 of the JSON data
JavaScript error: , line 0: TypeError: NetworkError when attempting to fetch resource.
1633461674455	Marionette	INFO	Stopped listening on port 54930
JavaScript error: resource:///modules/Interactions.jsm, line 201: NS_ERROR_FAILURE: Component returned failure code: 0x80004005 (NS_ERROR_FAILURE) [nsIUserIdleService.removeIdleObserver]
console.warn: TopSitesFeed: Failed to fetch data from Contile server: NetworkError when attempting to fetch resource.

###!!! [Parent][RunMessage] Error: Channel closing: too late to send/recv, messages will be lost

INFO	Listening on port 61877
1633459958291	RemoteAgent	WARN	TLS certificate errors will be ignored for this session
console.log: WebExtensions: reset-default-search: starting.
console.log: WebExtensions: reset-default-search: No addons in our list are installed.
JavaScript error: , line 0: NS_ERROR_NOT_AVAILABLE
JavaScript error: resource://gre/modules/XULStore.jsm, line 66: Error: Can't find profile directory.
JavaScript error: resource://gre/modules/XULStore.jsm, line 66: Error: Can't find profile directory.
1633461842479	Marionette	INFO	Stopped listening on port 61877
JavaScript error: resource:///modules/Interactions.jsm, line 201: NS_ERROR_FAILURE: Component returned failure code: 0x80004005 (NS_ERROR_FAILURE) [nsIUserIdleService.removeIdleObserver]
console.warn: TopSitesFeed: Failed to fetch data from Contile server: NetworkError when attempting to fetch resource.
1633476364653	geckodriver	INFO	Listening on 127.0.0.1:49482
1633476367682	mozrunner::runner	INFO	Running command: "C:\\Program Files\\Mozilla Firefox\\firefox.exe" "--marionette" "-no-remote" "-profile" "C:\\Users\\mauri\\AppData\\Local\\Temp\\rust_mozprofile4oM8fL"
1633476368195	Marionette	INFO	Marionette enabled
console.warn: SearchSettings: "get: No settings file exists, new profile?" (new NotFoundError("Could not open the file at C:\\Users\\mauri\\AppData\\Local\\Temp\\rust_mozprofile4oM8fL\\search.json.mozlz4", (void 0)))
1633476371362	Marionette	INFO	Listening on port 49491
1633476371912	RemoteAgent	WARN	TLS certificate errors will be ignored for this session
1633476401470	Marionette	INFO	Stopped listening on port 49491
JavaScript error: resource:///modules/Interactions.jsm, line 201: NS_ERROR_FAILURE: Component returned failure code: 0x80004005 (NS_ERROR_FAILURE) [nsIUserIdleService.removeIdleObserver]
console.warn: TopSitesFeed: Failed to fetch data from Contile server: NetworkError when attempting to fetch resource.
JavaScript error: chrome://remote/content/marionette/cert.js, line 55: NS_ERROR_NOT_AVAILABLE: Component returned failure code: 0x80040111 (NS_ERROR_NOT_AVAILABLE) [nsICertOverrideService.setDisableAllSecurityChecksAndLetAttackersInterceptMyData]
1633483399438	geckodriver	INFO	Listening on 127.0.0.1:50603
1633483402471	mozrunner::runner	INFO	Running command: "C:\\Program Files\\Mozilla Firefox\\firefox.exe" "--marionette" "-no-remote" "-profile" "C:\\Users\\mauri\\AppData\\Local\\Temp\\rust_mozprofileasZb1j"
1633483403517	Marionette	INFO	Marionette enabled
console.warn: SearchSettings: "get: No settings file exists, new profile?" (new NotFoundError("Could not open the file at C:\\Users\\mauri\\AppData\\Local\\Temp\\rust_mozprofileasZb1j\\search.json.mozlz4", (void 0)))
1633483407892	Marionette	INFO	Listening on port 62819
1633483408353	RemoteAgent	WARN	TLS certificate errors will be ignored for this session
console.log: WebExtensions: reset-default-search: starting.
console.log: WebExtensions: reset-default-search: No addons in our list are installed.
JavaScript error: , line 0: NS_ERROR_NOT_AVAILABLE
1633484739095	Marionette	INFO	Stopped listening on port 62819
JavaScript error: resource:///modules/Interactions.jsm, line 201: NS_ERROR_FAILURE: Component returned failure code: 0x80004005 (NS_ERROR_FAILURE) [nsIUserIdleService.removeIdleObserver]
console.warn: TopSitesFeed: Failed to fetch data from Contile server: NetworkError when attempting to fetch resource.
JavaScript error: chrome://remote/content/marionette/cert.js, line 55: NS_ERROR_NOT_AVAILABLE: Component returned failure code: 0x80040111 (NS_ERROR_NOT_AVAILABLE) [nsICertOverrideService.setDisableAllSecurityChecksAndLetAttackersInterceptMyData]
ld cannot send at the moment
console.log: WebExtensions: reset-default-search: starting.
console.log: WebExtensions: reset-default-search: No addons in our list are installed.
1633484759112	Marionette	INFO	Stopped listening on port 59091
JavaScript error: resource:///modules/Interactions.jsm, line 201: NS_ERROR_FAILURE: Component returned failure code: 0x80004005 (NS_ERROR_FAILURE) [nsIUserIdleService.removeIdleObserver]
JavaScript error: chrome://remote/content/marionette/cert.js, line 55: NS_ERROR_NOT_AVAILABLE: Component returned failure code: 0x80040111 (NS_ERROR_NOT_AVAILABLE) [nsICertOverrideService.setDisableAllSecurityChecksAndLetAttackersInterceptMyData]

###!!! [Parent][RunMessage] Error: Channel closing: too la1633484773887	Marionette	INFO	Stopped listening on port 65198
JavaScript error: resource:///modules/Interactions.jsm, line 201: NS_ERROR_FAILURE: Component returned failure code: 0x80004005 (NS_ERROR_FAILURE) [nsIUserIdleService.removeIdleObserver]
JavaScript error: chrome://remote/content/marionette/cert.js, line 55: NS_ERROR_NOT_AVAILABLE: Component returned failure code: 0x80040111 (NS_ERROR_NOT_AVAILABLE) [nsICertOverrideService.setDisableAllSecurityChecksAndLetAttackersInterceptMyData]

###!!! [Parent][RunMessage] Error: Channel closing: too late to send/recv, messages will be lost

our list are installed.
JavaScript error: , line 0: NS_ERROR_NOT_AVAILABLE
JavaScript warning: https://pagead2.googlesyndication.com/bg/BPTeJxusP8cOnE_s5L3ABe2tIpKd1NVDJBlhKS7pwaI.js line 1 > eval line 3954 > eval line 1 > eval, line 1: WEBGL_debug_renderer_info is deprecated in Firefox and will be removed. Please use RENDERER.
JavaScript warning: https://pagead2.googlesyndication.com/bg/BPTeJxusP8cOnE_s5L3ABe2tIpKd1NVDJBlhKS7pwaI.js line 1 > eval line 4954 > eval, line 1: WEBGL_debug_renderer_info is deprecated in Firefox and will be removed. Please use RENDERER.
JavaScript warning: https://pagead2.googlesyndication.com/bg/BPTeJxusP8cOnE_s5L3ABe2tIpKd1NVDJBlhKS7pwaI.js line 1 > eval line 5039 > eval line 1 > eval, line 1: WEBGL_debug_renderer_info is deprecated in Firefox and will be removed. Please use RENDERER.
JavaScript warning: https://pagead2.googlesyndication.com/bg/BPTeJxusP8cOnE_s5L3ABe2tIpKd1NVDJBlhKS7pwaI.js line 1 > eval line 3419 > eval line 1 > eval, line 1: WEBGL_debug_renderer_info is deprecated in Firefox and will be removed. Please use RENDERER.
JavaScript error: , line 0: TypeError: NetworkError when attempting to fetch resource.
JavaScript error: , line 0: TypeError: NetworkError when attempting to fetch resource.
1633484839617	Marionette	INFO	Stopped listening on port 54868
JavaScript error: resource:///modules/Interactions.jsm, line 201: NS_ERROR_FAILURE: Component returned failure code: 0x80004005 (NS_ERROR_FAILURE) [nsIUserIdleService.removeIdleObserver]
console.warn: TopSitesFeed: Failed to fetch data from Contile server: NetworkError when attempting to fetch resource.
JavaScript error: chrome://remote/content/marionette/cert.js, line 55: NS_ERROR_NOT_AVAILABLE: Component returned failure code: 0x80040111 (NS_ERROR_NOT_AVAILABLE) [nsICertOverrideService.setDisableAllSecurityChecksAndLetAttackersInterceptMyData]
1633484886378	geckodriver	INFO	Listening on 127.0.0.1:65328
1633484889432	mozrunner::runner	INFO	Running command: "C:\\Program Files\\Mozilla Firefox\\firefox.exe" "--marionette" "-no-remote" "-profile" "C:\\Users\\mauri\\AppData\\Local\\Temp\\rust_mozprofilelOwIIW"
1633484890142	Marionette	INFO	Marionette enabled
console.warn: SearchSettings: "get: No settings file exists, new profile?" (new NotFoundError("Could not open the file at C:\\Users\\mauri\\AppData\\Local\\Temp\\rust_mozprofilelOwIIW\\search.json.mozlz4", (void 0)))
1633484893198	Marionette	INFO	Listening on port 65338
1633484893674	RemoteAgent	WARN	TLS certificate errors will be ignored for this session
console.log: WebExtensions: reset-default-search: starting.
console.log: WebExtensions: reset-default-search: No addons in our list are installed.
1633485551555	Marionette	INFO	Stopped listening on port 65338
JavaScript error: resource:///modules/Interactions.jsm, line 201: NS_ERROR_FAILURE: Component returned failure code: 0x80004005 (NS_ERROR_FAILURE) [nsIUserIdleService.removeIdleObserver]
console.warn: TopSitesFeed: Failed to fetch data from Contile server: NetworkError when attempting to fetch resource.
1633485564603	geckodriver	INFO	Listening on 127.0.0.1:62945
1633485567659	mozrunner::runner	INFO	Running command: "C:\\Program Files\\Mozilla Firefox\\firefox.exe" "--marionette" "-no-remote" "-profile" "C:\\Users\\mauri\\AppData\\Local\\Temp\\rust_mozprofileQrSzC3"
1633485568317	Marionette	INFO	Marionette enabled
console.warn: SearchSettings: "get: No settings file exists, new profile?" (new NotFoundError("Could not open the file at C:\\Users\\mauri\\AppData\\Local\\Temp\\rust_mozprofileQrSzC3\\search.json.mozlz4", (void 0)))
1633485571841	Marionette	INFO	Listening on port 62954
1633485571889	RemoteAgent	WARN	TLS certificate errors will be ignored for this session
console.log: WebExtensions: reset-default-search: starting.
console.log: WebExtensions: reset-default-search: No addons in our list are installed.
JavaScript error: , line 0: NS_ERROR_NOT_AVAILABLE
1633487306694	Marionette	INFO	Stopped listening on port 62954
JavaScript error: resource:///modules/Interactions.jsm, line 201: NS_ERROR_FAILURE: Component returned failure code: 0x80004005 (NS_ERROR_FAILURE) [nsIUserIdleService.removeIdleObserver]
console.warn: TopSitesFeed: Failed to fetch data from Contile server: NetworkError when attempting to fetch resource.
JavaScript error: chrome://remote/content/marionette/cert.js, line 55: NS_ERROR_NOT_AVAILABLE: Component returned failure code: 0x80040111 (NS_ERROR_NOT_AVAILABLE) [nsICertOverrideService.setDisableAllSecurityChecksAndLetAttackersInterceptMyData]

###!!! [Parent][RunMessage] Error: Channel closing: too late to send/recv, messages will be lost

ening on port 63043
JavaScript error: resource:///modules/Interactions.jsm, line 201: NS_ERROR_FAILURE: Component returned failure code: 0x80004005 (NS_ERROR_FAILURE) [nsIUserIdleService.removeIdleObserver]
console.warn: TopSitesFeed: Failed to fetch data from Contile server: NetworkError when attempting to fetch resource.
JavaScript error: chrome://remote/content/marionette/cert.js, line 55: NS_ERROR_NOT_AVAILABLE: Component returned failure code: 0x80040111 (NS_ERROR_NOT_AVAILABLE) [nsICertOverrideService.setDisableAllSecurityChecksAndLetAttackersInterceptMyData]

###!!! [Parent][RunMessage] Error: Channel closing: too late to send/recv, messages will be lost

